[debug] [2020-04-11T23:11:50.002Z] ----------------------------------------------------------------------
[debug] [2020-04-11T23:11:50.004Z] Command:       C:\Program Files\nodejs\node.exe C:\Users\PEOPLE\AppData\Local\Yarn\Data\global\node_modules\firebase-tools\lib\bin\firebase.js deploy --only functions
[debug] [2020-04-11T23:11:50.004Z] CLI Version:   7.14.0
[debug] [2020-04-11T23:11:50.004Z] Platform:      win32
[debug] [2020-04-11T23:11:50.004Z] Node Version:  v12.13.0
[debug] [2020-04-11T23:11:50.005Z] Time:          Sun Apr 12 2020 00:11:50 GMT+0100 (West Africa Standard Time)
[debug] [2020-04-11T23:11:50.005Z] ----------------------------------------------------------------------
[debug] [2020-04-11T23:11:50.005Z] 
[debug] [2020-04-11T23:11:50.012Z] > command requires scopes: ["email","openid","https://www.googleapis.com/auth/cloudplatformprojects.readonly","https://www.googleapis.com/auth/firebase","https://www.googleapis.com/auth/cloud-platform"]
[debug] [2020-04-11T23:11:50.013Z] > authorizing via signed-in user
[debug] [2020-04-11T23:11:50.013Z] [iam] checking project codevents-8f00b for permissions ["cloudfunctions.functions.create","cloudfunctions.functions.delete","cloudfunctions.functions.get","cloudfunctions.functions.list","cloudfunctions.functions.update","cloudfunctions.operations.get","firebase.projects.get"]
[debug] [2020-04-11T23:11:50.014Z] > refreshing access token with scopes: ["email","https://www.googleapis.com/auth/cloud-platform","https://www.googleapis.com/auth/cloudplatformprojects.readonly","https://www.googleapis.com/auth/firebase","openid"]
[debug] [2020-04-11T23:11:50.014Z] >>> HTTP REQUEST POST https://www.googleapis.com/oauth2/v3/token  
 <request body omitted>
[debug] [2020-04-11T23:11:51.606Z] <<< HTTP RESPONSE 200
[debug] [2020-04-11T23:11:51.640Z] >>> HTTP REQUEST POST https://cloudresourcemanager.googleapis.com/v1/projects/codevents-8f00b:testIamPermissions  

[debug] [2020-04-11T23:11:53.386Z] <<< HTTP RESPONSE 200
[info] 
[info] === Deploying to 'codevents-8f00b'...
[info] 
[info] i  deploying functions
[info] Running command: npm --prefix "$RESOURCE_DIR" run lint
[info] +  functions: Finished running predeploy script.
[debug] [2020-04-11T23:12:23.478Z] > [functions] package.json contents: {
  "name": "functions",
  "description": "Cloud Functions for Firebase",
  "scripts": {
    "lint": "eslint .",
    "serve": "firebase emulators:start --only functions",
    "shell": "firebase functions:shell",
    "start": "npm run shell",
    "deploy": "firebase deploy --only functions",
    "logs": "firebase functions:log"
  },
  "engines": {
    "node": "8"
  },
  "dependencies": {
    "firebase-admin": "^8.6.0",
    "firebase-functions": "^3.3.0"
  },
  "devDependencies": {
    "eslint": "^5.12.0",
    "eslint-plugin-promise": "^4.0.1",
    "firebase-functions-test": "^0.1.6"
  },
  "private": true
}
[info] i  functions: ensuring necessary APIs are enabled...
[debug] [2020-04-11T23:12:23.488Z] >>> HTTP REQUEST GET https://serviceusage.googleapis.com/v1/projects/codevents-8f00b/services/cloudfunctions.googleapis.com  
 
[debug] [2020-04-11T23:12:23.489Z] >>> HTTP REQUEST GET https://serviceusage.googleapis.com/v1/projects/codevents-8f00b/services/runtimeconfig.googleapis.com  
 
[debug] [2020-04-11T23:12:25.349Z] <<< HTTP RESPONSE 200
[debug] [2020-04-11T23:12:25.566Z] <<< HTTP RESPONSE 200
[info] +  functions: all necessary APIs are enabled
[debug] [2020-04-11T23:12:25.567Z] >>> HTTP REQUEST GET https://firebase.googleapis.com/v1beta1/projects/codevents-8f00b/adminSdkConfig  
 
[debug] [2020-04-11T23:12:26.193Z] <<< HTTP RESPONSE 200
[info] i  functions: preparing functions directory for uploading...
[debug] [2020-04-11T23:12:26.196Z] >>> HTTP REQUEST GET https://runtimeconfig.googleapis.com/v1beta1/projects/codevents-8f00b/configs  
 
[debug] [2020-04-11T23:12:27.465Z] <<< HTTP RESPONSE 200
[info] i  functions: packaged functions (39.48 KB) for uploading
[debug] [2020-04-11T23:12:28.777Z] >>> HTTP REQUEST POST https://cloudfunctions.googleapis.com/v1/projects/codevents-8f00b/locations/us-central1/functions:generateUploadUrl  
 
[debug] [2020-04-11T23:12:29.844Z] <<< HTTP RESPONSE 200
[debug] [2020-04-11T23:12:29.845Z] >>> HTTP REQUEST PUT https://storage.googleapis.com/gcf-upload-us-central1-254cc8be-2358-461a-918c-85f2c81d55a7/a5a4e325-ef1c-45e8-9c1b-ef1a03ee9be2.zip?GoogleAccessId=service-810429825291@gcf-admin-robot.iam.gserviceaccount.com&Expires=1586648550&Signature=QqDDcev8%2FmEPTucEdpVyeib7g8r1CqmTfVA4cRC8w9%2FSUQ7tVmubWYRfZzuPrnsUFlASs3JUcH%2FLfPrHzCY1O237XC0qQzOYhaeZvYXnOQkNuCMoVsajwefTrPPCsmlF3x3xQpy0doSTddn1vfRK%2F%2B4YKt77R18vXMxo30PYLz8Jh%2BRMbXLLT6JAvA%2BW%2Fcg2mI3NsfjQfpy82l7TiRKc02VEU4YrclxS2LcBM6MsyPiXSfzpyQkjT%2FO8rRs%2Fkcoljzf4t%2FYJpNaXv%2ByUtTdMB9P7TKVusMw1C2lQ1Qbie0Jx95LoBpgODHpywQ2cr8oRiFK24fbuIpA23X8cHdiuZA%3D%3D  
 <request body omitted>
[debug] [2020-04-11T23:12:30.845Z] <<< HTTP RESPONSE 200
[info] +  functions: functions folder uploaded successfully
[debug] [2020-04-11T23:12:30.847Z] >>> HTTP REQUEST GET https://cloudfunctions.googleapis.com/v1/projects/codevents-8f00b/locations/-/functions  
 
[debug] [2020-04-11T23:12:31.448Z] <<< HTTP RESPONSE 200
[info] i  functions: creating Node.js 8 function userFollowing(us-central1)...
[debug] [2020-04-11T23:12:31.451Z] Trigger is:  {"eventTrigger":{"resource":"projects/codevents-8f00b/databases/(default)/documents/users/{followerUid}/following/{followingUid}","eventType":"providers/cloud.firestore/eventTypes/document.create","service":"firestore.googleapis.com"}}
[info] i  functions: updating Node.js 8 function createActivity(us-central1)...
[debug] [2020-04-11T23:12:31.452Z] Trigger is:  {"eventTrigger":{"resource":"projects/codevents-8f00b/databases/(default)/documents/events/{eventId}","eventType":"providers/cloud.firestore/eventTypes/document.create","service":"firestore.googleapis.com"}}
[info] i  functions: updating Node.js 8 function cancelActivity(us-central1)...
[debug] [2020-04-11T23:12:31.460Z] Trigger is:  {"eventTrigger":{"resource":"projects/codevents-8f00b/databases/(default)/documents/events/{eventId}","eventType":"providers/cloud.firestore/eventTypes/document.update","service":"firestore.googleapis.com"}}
[debug] [2020-04-11T23:12:31.461Z] >>> HTTP REQUEST GET https://serviceusage.googleapis.com/v1/projects/codevents-8f00b/services/cloudscheduler.googleapis.com  
 
[debug] [2020-04-11T23:12:52.479Z] Error: connect ETIMEDOUT 216.58.223.202:443
    at TCPConnectWrap.afterConnect [as oncomplete] (net.js:1128:14)
[error] 
[error] Error: Server Error. connect ETIMEDOUT 216.58.223.202:443
[debug] [2020-04-11T23:14:13.990Z] ----------------------------------------------------------------------
[debug] [2020-04-11T23:14:13.992Z] Command:       C:\Program Files\nodejs\node.exe C:\Users\PEOPLE\AppData\Local\Yarn\Data\global\node_modules\firebase-tools\lib\bin\firebase.js deploy --only functions
[debug] [2020-04-11T23:14:13.992Z] CLI Version:   7.14.0
[debug] [2020-04-11T23:14:13.992Z] Platform:      win32
[debug] [2020-04-11T23:14:13.992Z] Node Version:  v12.13.0
[debug] [2020-04-11T23:14:13.993Z] Time:          Sun Apr 12 2020 00:14:13 GMT+0100 (West Africa Standard Time)
[debug] [2020-04-11T23:14:13.993Z] ----------------------------------------------------------------------
[debug] [2020-04-11T23:14:13.994Z] 
[debug] [2020-04-11T23:14:14.001Z] > command requires scopes: ["email","openid","https://www.googleapis.com/auth/cloudplatformprojects.readonly","https://www.googleapis.com/auth/firebase","https://www.googleapis.com/auth/cloud-platform"]
[debug] [2020-04-11T23:14:14.001Z] > authorizing via signed-in user
[debug] [2020-04-11T23:14:14.002Z] [iam] checking project codevents-8f00b for permissions ["cloudfunctions.functions.create","cloudfunctions.functions.delete","cloudfunctions.functions.get","cloudfunctions.functions.list","cloudfunctions.functions.update","cloudfunctions.operations.get","firebase.projects.get"]
[debug] [2020-04-11T23:14:14.003Z] >>> HTTP REQUEST POST https://cloudresourcemanager.googleapis.com/v1/projects/codevents-8f00b:testIamPermissions  

[debug] [2020-04-11T23:14:35.031Z] [iam] error while checking permissions, command may fail: FirebaseError: Server Error. connect ETIMEDOUT 216.58.223.234:443
[info] 
[info] === Deploying to 'codevents-8f00b'...
[info] 
[info] i  deploying functions
[info] Running command: npm --prefix "$RESOURCE_DIR" run lint
[info] +  functions: Finished running predeploy script.
[debug] [2020-04-11T23:14:39.900Z] > [functions] package.json contents: {
  "name": "functions",
  "description": "Cloud Functions for Firebase",
  "scripts": {
    "lint": "eslint .",
    "serve": "firebase emulators:start --only functions",
    "shell": "firebase functions:shell",
    "start": "npm run shell",
    "deploy": "firebase deploy --only functions",
    "logs": "firebase functions:log"
  },
  "engines": {
    "node": "8"
  },
  "dependencies": {
    "firebase-admin": "^8.6.0",
    "firebase-functions": "^3.3.0"
  },
  "devDependencies": {
    "eslint": "^5.12.0",
    "eslint-plugin-promise": "^4.0.1",
    "firebase-functions-test": "^0.1.6"
  },
  "private": true
}
[info] i  functions: ensuring necessary APIs are enabled...
[debug] [2020-04-11T23:14:39.901Z] >>> HTTP REQUEST GET https://serviceusage.googleapis.com/v1/projects/codevents-8f00b/services/cloudfunctions.googleapis.com  
 
[debug] [2020-04-11T23:14:39.902Z] >>> HTTP REQUEST GET https://serviceusage.googleapis.com/v1/projects/codevents-8f00b/services/runtimeconfig.googleapis.com  
 
[debug] [2020-04-11T23:14:41.679Z] <<< HTTP RESPONSE 200
[debug] [2020-04-11T23:14:41.702Z] <<< HTTP RESPONSE 200
[info] +  functions: all necessary APIs are enabled
[debug] [2020-04-11T23:14:41.703Z] >>> HTTP REQUEST GET https://firebase.googleapis.com/v1beta1/projects/codevents-8f00b/adminSdkConfig  
 
[debug] [2020-04-11T23:14:42.173Z] <<< HTTP RESPONSE 200
[info] i  functions: preparing functions directory for uploading...
[debug] [2020-04-11T23:14:42.175Z] >>> HTTP REQUEST GET https://runtimeconfig.googleapis.com/v1beta1/projects/codevents-8f00b/configs  
 
[debug] [2020-04-11T23:14:43.376Z] <<< HTTP RESPONSE 200
[info] i  functions: packaged functions (39.48 KB) for uploading
[debug] [2020-04-11T23:14:43.532Z] >>> HTTP REQUEST POST https://cloudfunctions.googleapis.com/v1/projects/codevents-8f00b/locations/us-central1/functions:generateUploadUrl  
 
[debug] [2020-04-11T23:14:44.367Z] <<< HTTP RESPONSE 200
[debug] [2020-04-11T23:14:44.368Z] >>> HTTP REQUEST PUT https://storage.googleapis.com/gcf-upload-us-central1-254cc8be-2358-461a-918c-85f2c81d55a7/801c9a50-ec13-48a4-add1-7c0005ceac57.zip?GoogleAccessId=service-810429825291@gcf-admin-robot.iam.gserviceaccount.com&Expires=1586648684&Signature=RldNvl%2FldCwae%2BFska7hjaq77JeHQb2Y573h7G%2FA5fbbRixR2nAJFpuJaWoVdROFeYDN9mUs3%2BxxvAE6Z56MQbSxJCKGZd0744ALr510oT2tYymU1I22uUliDYW3e1uOFmn5m55r%2BYMtl0x3q7oTusug5Efk9InII37AYdej0GFgTwgiTFGE4TWSp5IHn%2Bj8yQlhly72lQ%2BwNWiBPZnn4yI3domG7t2xRo2bVXHK9pDgl0j4OBYfjD0WeH5qQCEP0KpZ5pxJSH0uBarVUdKILfzvnzzsO4QBBCnx%2FaqmJRW9lhiD41tL7bH2%2BBF4VqjA8TGIkrO9VfajkcrIsj5%2BPQ%3D%3D  
 <request body omitted>
[debug] [2020-04-11T23:14:45.188Z] <<< HTTP RESPONSE 200
[info] +  functions: functions folder uploaded successfully
[debug] [2020-04-11T23:14:45.191Z] >>> HTTP REQUEST GET https://cloudfunctions.googleapis.com/v1/projects/codevents-8f00b/locations/-/functions  
 
[debug] [2020-04-11T23:14:45.748Z] <<< HTTP RESPONSE 200
[info] i  functions: creating Node.js 8 function userFollowing(us-central1)...
[debug] [2020-04-11T23:14:45.750Z] Trigger is:  {"eventTrigger":{"resource":"projects/codevents-8f00b/databases/(default)/documents/users/{followerUid}/following/{followingUid}","eventType":"providers/cloud.firestore/eventTypes/document.create","service":"firestore.googleapis.com"}}
[info] i  functions: updating Node.js 8 function createActivity(us-central1)...
[debug] [2020-04-11T23:14:45.752Z] Trigger is:  {"eventTrigger":{"resource":"projects/codevents-8f00b/databases/(default)/documents/events/{eventId}","eventType":"providers/cloud.firestore/eventTypes/document.create","service":"firestore.googleapis.com"}}
[info] i  functions: updating Node.js 8 function cancelActivity(us-central1)...
[debug] [2020-04-11T23:14:45.758Z] Trigger is:  {"eventTrigger":{"resource":"projects/codevents-8f00b/databases/(default)/documents/events/{eventId}","eventType":"providers/cloud.firestore/eventTypes/document.update","service":"firestore.googleapis.com"}}
[debug] [2020-04-11T23:14:45.759Z] >>> HTTP REQUEST GET https://serviceusage.googleapis.com/v1/projects/codevents-8f00b/services/cloudscheduler.googleapis.com  
 
[debug] [2020-04-11T23:15:06.765Z] Error: connect ETIMEDOUT 216.58.223.202:443
    at TCPConnectWrap.afterConnect [as oncomplete] (net.js:1128:14)
[error] 
[error] Error: Server Error. connect ETIMEDOUT 216.58.223.202:443
[debug] [2020-04-12T00:49:32.966Z] ----------------------------------------------------------------------
[debug] [2020-04-12T00:49:32.968Z] Command:       C:\Program Files\nodejs\node.exe C:\Users\PEOPLE\AppData\Local\Yarn\Data\global\node_modules\firebase-tools\lib\bin\firebase.js deploy --only functions
[debug] [2020-04-12T00:49:32.968Z] CLI Version:   7.14.0
[debug] [2020-04-12T00:49:32.968Z] Platform:      win32
[debug] [2020-04-12T00:49:32.968Z] Node Version:  v12.13.0
[debug] [2020-04-12T00:49:32.969Z] Time:          Sun Apr 12 2020 01:49:32 GMT+0100 (West Africa Standard Time)
[debug] [2020-04-12T00:49:32.969Z] ----------------------------------------------------------------------
[debug] [2020-04-12T00:49:32.969Z] 
[debug] [2020-04-12T00:49:32.976Z] > command requires scopes: ["email","openid","https://www.googleapis.com/auth/cloudplatformprojects.readonly","https://www.googleapis.com/auth/firebase","https://www.googleapis.com/auth/cloud-platform"]
[debug] [2020-04-12T00:49:32.977Z] > authorizing via signed-in user
[debug] [2020-04-12T00:49:32.977Z] [iam] checking project codevents-8f00b for permissions ["cloudfunctions.functions.create","cloudfunctions.functions.delete","cloudfunctions.functions.get","cloudfunctions.functions.list","cloudfunctions.functions.update","cloudfunctions.operations.get","firebase.projects.get"]
[debug] [2020-04-12T00:49:32.978Z] >>> HTTP REQUEST POST https://cloudresourcemanager.googleapis.com/v1/projects/codevents-8f00b:testIamPermissions  

[debug] [2020-04-12T00:49:34.578Z] <<< HTTP RESPONSE 200
[info] 
[info] === Deploying to 'codevents-8f00b'...
[info] 
[info] i  deploying functions
[info] Running command: npm --prefix "$RESOURCE_DIR" run lint
[info] +  functions: Finished running predeploy script.
[debug] [2020-04-12T00:49:38.710Z] > [functions] package.json contents: {
  "name": "functions",
  "description": "Cloud Functions for Firebase",
  "scripts": {
    "lint": "eslint .",
    "serve": "firebase emulators:start --only functions",
    "shell": "firebase functions:shell",
    "start": "npm run shell",
    "deploy": "firebase deploy --only functions",
    "logs": "firebase functions:log"
  },
  "engines": {
    "node": "8"
  },
  "dependencies": {
    "firebase-admin": "^8.6.0",
    "firebase-functions": "^3.3.0"
  },
  "devDependencies": {
    "eslint": "^5.12.0",
    "eslint-plugin-promise": "^4.0.1",
    "firebase-functions-test": "^0.1.6"
  },
  "private": true
}
[info] i  functions: ensuring necessary APIs are enabled...
[debug] [2020-04-12T00:49:38.721Z] >>> HTTP REQUEST GET https://serviceusage.googleapis.com/v1/projects/codevents-8f00b/services/cloudfunctions.googleapis.com  
 
[debug] [2020-04-12T00:49:38.722Z] >>> HTTP REQUEST GET https://serviceusage.googleapis.com/v1/projects/codevents-8f00b/services/runtimeconfig.googleapis.com  
 
[debug] [2020-04-12T00:49:40.622Z] <<< HTTP RESPONSE 200
[debug] [2020-04-12T00:49:40.707Z] <<< HTTP RESPONSE 200
[info] +  functions: all necessary APIs are enabled
[debug] [2020-04-12T00:49:40.708Z] >>> HTTP REQUEST GET https://firebase.googleapis.com/v1beta1/projects/codevents-8f00b/adminSdkConfig  
 
[debug] [2020-04-12T00:50:01.874Z] Error: connect ETIMEDOUT 216.58.223.202:443
    at TCPConnectWrap.afterConnect [as oncomplete] (net.js:1128:14)
[error] 
[error] Error: Server Error. connect ETIMEDOUT 216.58.223.202:443
